<?xml version="1.0" encoding="UTF-8"?>
<testng-results ignored="0" total="2" passed="2" failed="0" skipped="0">
  <reporter-output>
  </reporter-output>
  <suite started-at="2024-04-22T06:03:21Z" name="GMail Test Suite" finished-at="2024-04-22T06:03:22Z" duration-ms="387">
    <groups>
    </groups>
    <test started-at="2024-04-22T06:03:21Z" name="Send Mail TestCase" finished-at="2024-04-22T06:03:21Z" duration-ms="112">
      <class name="testcases.SendMailTest">
        <test-method is-config="true" signature="login()[pri:0, instance:testcases.SendMailTest@3e96bacf]" started-at="2024-04-22T06:03:21Z" name="login" finished-at="2024-04-22T06:03:21Z" duration-ms="1" status="PASS">
          <reporter-output>
          </reporter-output>
        </test-method> <!-- login -->
        <test-method signature="sendMail(java.lang.String, java.lang.String)[pri:0, instance:testcases.SendMailTest@3e96bacf]" started-at="2024-04-22T06:03:21Z" name="sendMail" finished-at="2024-04-22T06:03:21Z" duration-ms="16" status="PASS">
          <params>
            <param index="0">
              <value>
                <![CDATA[sureshbabu.qedge@gmail.com]]>
              </value>
            </param>
            <param index="1">
              <value>
                <![CDATA[Selenium Interview Questions]]>
              </value>
            </param>
          </params>
          <reporter-output>
          </reporter-output>
        </test-method> <!-- sendMail -->
        <test-method is-config="true" signature="logout()[pri:0, instance:testcases.SendMailTest@3e96bacf]" started-at="2024-04-22T06:03:21Z" name="logout" finished-at="2024-04-22T06:03:21Z" duration-ms="1" status="PASS">
          <reporter-output>
          </reporter-output>
        </test-method> <!-- logout -->
      </class> <!-- testcases.SendMailTest -->
    </test> <!-- Send Mail TestCase -->
    <test started-at="2024-04-22T06:03:22Z" name="Receive Mail TestCase" finished-at="2024-04-22T06:03:22Z" duration-ms="16">
      <class name="testcases.ReceiveMailTest">
        <test-method is-config="true" signature="launchApp()[pri:0, instance:testcases.ReceiveMailTest@5f683daf]" started-at="2024-04-22T06:03:21Z" name="launchApp" finished-at="2024-04-22T06:03:21Z" duration-ms="37" status="PASS">
          <reporter-output>
          </reporter-output>
        </test-method> <!-- launchApp -->
        <test-method is-config="true" signature="login()[pri:0, instance:testcases.ReceiveMailTest@5f683daf]" started-at="2024-04-22T06:03:22Z" name="login" finished-at="2024-04-22T06:03:22Z" duration-ms="1" status="PASS">
          <reporter-output>
          </reporter-output>
        </test-method> <!-- login -->
        <test-method signature="receiveMail()[pri:0, instance:testcases.ReceiveMailTest@5f683daf]" started-at="2024-04-22T06:03:22Z" name="receiveMail" finished-at="2024-04-22T06:03:22Z" duration-ms="4" status="PASS">
          <reporter-output>
          </reporter-output>
        </test-method> <!-- receiveMail -->
        <test-method is-config="true" signature="logout()[pri:0, instance:testcases.ReceiveMailTest@5f683daf]" started-at="2024-04-22T06:03:22Z" name="logout" finished-at="2024-04-22T06:03:22Z" duration-ms="0" status="PASS">
          <reporter-output>
          </reporter-output>
        </test-method> <!-- logout -->
        <test-method is-config="true" signature="closeApp()[pri:0, instance:testcases.ReceiveMailTest@5f683daf]" started-at="2024-04-22T06:03:22Z" name="closeApp" finished-at="2024-04-22T06:03:22Z" duration-ms="0" status="PASS">
          <reporter-output>
          </reporter-output>
        </test-method> <!-- closeApp -->
      </class> <!-- testcases.ReceiveMailTest -->
    </test> <!-- Receive Mail TestCase -->
  </suite> <!-- GMail Test Suite -->
</testng-results>
